# JRE version: Java(TM) SE Runtime Environment (7.0_79-b15) (build 1.7.0_79-b15)
# Java VM: Java HotSpot(TM) 64-Bit Server VM (24.79-b02 mixed mode linux-amd64 compressed oops)
Heap
 PSYoungGen      total 228864K, used 111139K [0x00000000d8d00000, 0x00000000f8180000, 0x0000000100000000)
  eden space 228352K, 48% used [0x00000000d8d00000,0x00000000df988c68,0x00000000e6c00000)
  from space 512K, 0% used [0x00000000f8100000,0x00000000f8100000,0x00000000f8180000)
  to   space 31744K, 0% used [0x00000000f4380000,0x00000000f4380000,0x00000000f6280000)
 ParOldGen       total 79872K, used 60351K [0x000000008a800000, 0x000000008f600000, 0x00000000d8d00000)
  object space 79872K, 75% used [0x000000008a800000,0x000000008e2efea0,0x000000008f600000)
 PSPermGen       total 83968K, used 65535K [0x0000000085600000, 0x000000008a800000, 0x000000008a800000)
  object space 83968K, 78% used [0x0000000085600000,0x00000000895ffc50,0x000000008a800000)
GC Heap History (10 events):
Event: 63.969 GC heap before
{Heap before GC invocations=11 (full 2):
 PSYoungGen      total 276992K, used 249344K [0x00000000d8d00000, 0x00000000eb800000, 0x0000000100000000)
  eden space 249344K, 100% used [0x00000000d8d00000,0x00000000e8080000,0x00000000e8080000)
  from space 27648K, 0% used [0x00000000e9c00000,0x00000000e9c00000,0x00000000eb700000)
  to   space 28160K, 0% used [0x00000000e8080000,0x00000000e8080000,0x00000000e9c00000)
 ParOldGen       total 79872K, used 35937K [0x000000008a800000, 0x000000008f600000, 0x00000000d8d00000)
  object space 79872K, 44% used [0x000000008a800000,0x000000008cb18498,0x000000008f600000)
 PSPermGen       total 83968K, used 59101K [0x0000000085600000, 0x000000008a800000, 0x000000008a800000)
  object space 83968K, 70% used [0x0000000085600000,0x0000000088fb74f8,0x000000008a800000)
Event: 63.982 GC heap after
Heap after GC invocations=11 (full 2):
 PSYoungGen      total 277504K, used 13722K [0x00000000d8d00000, 0x00000000faa00000, 0x0000000100000000)
  eden space 249344K, 0% used [0x00000000d8d00000,0x00000000d8d00000,0x00000000e8080000)
  from space 28160K, 48% used [0x00000000e8080000,0x00000000e8de6918,0x00000000e9c00000)
  to   space 27648K, 0% used [0x00000000f8f00000,0x00000000f8f00000,0x00000000faa00000)
 ParOldGen       total 79872K, used 35937K [0x000000008a800000, 0x000000008f600000, 0x00000000d8d00000)
  object space 79872K, 44% used [0x000000008a800000,0x000000008cb18498,0x000000008f600000)
 PSPermGen       total 83968K, used 59101K [0x0000000085600000, 0x000000008a800000, 0x000000008a800000)
  object space 83968K, 70% used [0x0000000085600000,0x0000000088fb74f8,0x000000008a800000)
}
Event: 162.456 GC heap before
{Heap before GC invocations=12 (full 2):
 PSYoungGen      total 277504K, used 260316K [0x00000000d8d00000, 0x00000000faa00000, 0x0000000100000000)
  eden space 249344K, 98% used [0x00000000d8d00000,0x00000000e7dd09f8,0x00000000e8080000)
  from space 28160K, 48% used [0x00000000e8080000,0x00000000e8de6918,0x00000000e9c00000)
  to   space 27648K, 0% used [0x00000000f8f00000,0x00000000f8f00000,0x00000000faa00000)
 ParOldGen       total 79872K, used 35937K [0x000000008a800000, 0x000000008f600000, 0x00000000d8d00000)
  object space 79872K, 44% used [0x000000008a800000,0x000000008cb18498,0x000000008f600000)
 PSPermGen       total 83968K, used 62509K [0x0000000085600000, 0x000000008a800000, 0x000000008a800000)
  object space 83968K, 74% used [0x0000000085600000,0x000000008930b448,0x000000008a800000)
Event: 162.475 GC heap after
Heap after GC invocations=12 (full 2):
 PSYoungGen      total 258048K, used 19303K [0x00000000d8d00000, 0x00000000fa200000, 0x0000000100000000)
  eden space 238592K, 0% used [0x00000000d8d00000,0x00000000d8d00000,0x00000000e7600000)
  from space 19456K, 99% used [0x00000000f8f00000,0x00000000fa1d9d98,0x00000000fa200000)
  to   space 28672K, 0% used [0x00000000f6a00000,0x00000000f6a00000,0x00000000f8600000)
 ParOldGen       total 79872K, used 35945K [0x000000008a800000, 0x000000008f600000, 0x00000000d8d00000)
  object space 79872K, 45% used [0x000000008a800000,0x000000008cb1a498,0x000000008f600000)
 PSPermGen       total 83968K, used 62509K [0x0000000085600000, 0x000000008a800000, 0x000000008a800000)
  object space 83968K, 74% used [0x0000000085600000,0x000000008930b448,0x000000008a800000)
}
Event: 976.573 GC heap before
{Heap before GC invocations=13 (full 2):
 PSYoungGen      total 258048K, used 257895K [0x00000000d8d00000, 0x00000000fa200000, 0x0000000100000000)
  eden space 238592K, 100% used [0x00000000d8d00000,0x00000000e7600000,0x00000000e7600000)
  from space 19456K, 99% used [0x00000000f8f00000,0x00000000fa1d9d98,0x00000000fa200000)
  to   space 28672K, 0% used [0x00000000f6a00000,0x00000000f6a00000,0x00000000f8600000)
 ParOldGen       total 79872K, used 35945K [0x000000008a800000, 0x000000008f600000, 0x00000000d8d00000)
  object space 79872K, 45% used [0x000000008a800000,0x000000008cb1a498,0x000000008f600000)
 PSPermGen       total 83968K, used 62565K [0x0000000085600000, 0x000000008a800000, 0x000000008a800000)
  object space 83968K, 74% used [0x0000000085600000,0x00000000893195e8,0x000000008a800000)
Event: 976.591 GC heap after
Heap after GC invocations=13 (full 2):
 PSYoungGen      total 251904K, used 23525K [0x00000000d8d00000, 0x00000000f8f80000, 0x0000000100000000)
  eden space 228352K, 0% used [0x00000000d8d00000,0x00000000d8d00000,0x00000000e6c00000)
  from space 23552K, 99% used [0x00000000f6a00000,0x00000000f80f96f0,0x00000000f8100000)
  to   space 14848K, 0% used [0x00000000f8100000,0x00000000f8100000,0x00000000f8f80000)
 ParOldGen       total 79872K, used 51436K [0x000000008a800000, 0x000000008f600000, 0x00000000d8d00000)
  object space 79872K, 64% used [0x000000008a800000,0x000000008da3b2f0,0x000000008f600000)
 PSPermGen       total 83968K, used 62565K [0x0000000085600000, 0x000000008a800000, 0x000000008a800000)
  object space 83968K, 74% used [0x0000000085600000,0x00000000893195e8,0x000000008a800000)
}
Event: 3399.090 GC heap before
{Heap before GC invocations=14 (full 2):
 PSYoungGen      total 251904K, used 206530K [0x00000000d8d00000, 0x00000000f8f80000, 0x0000000100000000)
  eden space 228352K, 80% used [0x00000000d8d00000,0x00000000e3fb7160,0x00000000e6c00000)
  from space 23552K, 99% used [0x00000000f6a00000,0x00000000f80f96f0,0x00000000f8100000)
  to   space 14848K, 0% used [0x00000000f8100000,0x00000000f8100000,0x00000000f8f80000)
 ParOldGen       total 79872K, used 51436K [0x000000008a800000, 0x000000008f600000, 0x00000000d8d00000)
  object space 79872K, 64% used [0x000000008a800000,0x000000008da3b2f0,0x000000008f600000)
 PSPermGen       total 83968K, used 62632K [0x0000000085600000, 0x000000008a800000, 0x000000008a800000)
  object space 83968K, 74% used [0x0000000085600000,0x000000008932a178,0x000000008a800000)
Event: 3399.133 GC heap after
Heap after GC invocations=14 (full 2):
 PSYoungGen      total 228864K, used 96K [0x00000000d8d00000, 0x00000000f8180000, 0x0000000100000000)
  eden space 228352K, 0% used [0x00000000d8d00000,0x00000000d8d00000,0x00000000e6c00000)
  from space 512K, 18% used [0x00000000f8100000,0x00000000f8118000,0x00000000f8180000)
  to   space 31744K, 0% used [0x00000000f4380000,0x00000000f4380000,0x00000000f6280000)
 ParOldGen       total 79872K, used 74762K [0x000000008a800000, 0x000000008f600000, 0x00000000d8d00000)
  object space 79872K, 93% used [0x000000008a800000,0x000000008f1029d0,0x000000008f600000)
 PSPermGen       total 83968K, used 62632K [0x0000000085600000, 0x000000008a800000, 0x000000008a800000)
  object space 83968K, 74% used [0x0000000085600000,0x000000008932a178,0x000000008a800000)
}
Event: 3399.133 GC heap before
{Heap before GC invocations=15 (full 3):
 PSYoungGen      total 228864K, used 96K [0x00000000d8d00000, 0x00000000f8180000, 0x0000000100000000)
  eden space 228352K, 0% used [0x00000000d8d00000,0x00000000d8d00000,0x00000000e6c00000)
  from space 512K, 18% used [0x00000000f8100000,0x00000000f8118000,0x00000000f8180000)
  to   space 31744K, 0% used [0x00000000f4380000,0x00000000f4380000,0x00000000f6280000)
 ParOldGen       total 79872K, used 74762K [0x000000008a800000, 0x000000008f600000, 0x00000000d8d00000)
  object space 79872K, 93% used [0x000000008a800000,0x000000008f1029d0,0x000000008f600000)
 PSPermGen       total 83968K, used 62632K [0x0000000085600000, 0x000000008a800000, 0x000000008a800000)
  object space 83968K, 74% used [0x0000000085600000,0x000000008932a178,0x000000008a800000)
Event: 3399.639 GC heap after
Heap after GC invocations=15 (full 3):
 PSYoungGen      total 228864K, used 0K [0x00000000d8d00000, 0x00000000f8180000, 0x0000000100000000)
  eden space 228352K, 0% used [0x00000000d8d00000,0x00000000d8d00000,0x00000000e6c00000)
  from space 512K, 0% used [0x00000000f8100000,0x00000000f8100000,0x00000000f8180000)
  to   space 31744K, 0% used [0x00000000f4380000,0x00000000f4380000,0x00000000f6280000)
 ParOldGen       total 79872K, used 60351K [0x000000008a800000, 0x000000008f600000, 0x00000000d8d00000)
  object space 79872K, 75% used [0x000000008a800000,0x000000008e2efea0,0x000000008f600000)
 PSPermGen       total 83968K, used 62319K [0x0000000085600000, 0x000000008a800000, 0x000000008a800000)
  object space 83968K, 74% used [0x0000000085600000,0x00000000892dbf20,0x000000008a800000)
}

